0    DEBUG [2020-09-01 08:59:55]  Request:
1    DEBUG [2020-09-01 08:59:55]  POSThttps://api.weibo.com/2/statuses/update.json
27   DEBUG [2020-09-01 08:59:55]  Authorization: OAuth2 737f4ee57c09b7a630c2195daae017b2
27   DEBUG [2020-09-01 08:59:55]  API-RemoteIP: 192.168.43.241
350  DEBUG [2020-09-01 08:59:55]  Response:
351  DEBUG [2020-09-01 08:59:55]  https StatusCode:403
351  DEBUG [2020-09-01 08:59:55]  Server:nginx/1.6.1
351  DEBUG [2020-09-01 08:59:55]  Date:Tue, 01 Sep 2020 00:59:55 GMT
351  DEBUG [2020-09-01 08:59:55]  Content-Type:application/json;charset=UTF-8
351  DEBUG [2020-09-01 08:59:55]  Transfer-Encoding:chunked
352  DEBUG [2020-09-01 08:59:55]  Connection:keep-alive
352  DEBUG [2020-09-01 08:59:55]  Api-Server-IP:10.22.6.16
363  DEBUG [2020-09-01 08:59:56]  Vary:Accept-Encoding
369  DEBUG [2020-09-01 08:59:56]  {"error":"invalid_access_token","error_code":21332,"request":"/2/statuses/update.json"}

0    DEBUG [2020-09-01 09:04:04]  Request:
2    DEBUG [2020-09-01 09:04:04]  POSThttps://api.weibo.com/2/statuses/update.json
18   DEBUG [2020-09-01 09:04:04]  Authorization: OAuth2 30a092e475db31797175716ca7d47a75
18   DEBUG [2020-09-01 09:04:04]  API-RemoteIP: 192.168.43.241
685  DEBUG [2020-09-01 09:04:05]  Response:
686  DEBUG [2020-09-01 09:04:05]  https StatusCode:403
686  DEBUG [2020-09-01 09:04:05]  Server:nginx/1.6.1
686  DEBUG [2020-09-01 09:04:05]  Date:Tue, 01 Sep 2020 01:04:05 GMT
687  DEBUG [2020-09-01 09:04:05]  Content-Type:application/json;charset=UTF-8
687  DEBUG [2020-09-01 09:04:05]  Transfer-Encoding:chunked
687  DEBUG [2020-09-01 09:04:05]  Connection:keep-alive
687  DEBUG [2020-09-01 09:04:05]  Api-Server-IP:10.22.6.25
688  DEBUG [2020-09-01 09:04:05]  Vary:Accept-Encoding
694  DEBUG [2020-09-01 09:04:05]  {"error":"invalid_access_token","error_code":21332,"request":"/2/statuses/update.json"}

